INFO:root:







2020-09-03 13:20:28.367417
INFO:root:Patron #p1000: Trying to acquire lock of book b1012
INFO:root:Patron #p1000: Successful to acquire lock of book and added to checkoutb1012
INFO:root:Lab #l3000 Has been opened
INFO:root:Lab #l2000 Has been opened
INFO:root:Patron #p1000: Removed from cart Book#b1012
INFO:root:Patron #p1000: Trying to acquire lock of book b1006
INFO:root:Patron #p1000: Successful to acquire lock of book and added to checkoutb1006
INFO:root:Patron #p1000: Trying to checkout 
INFO:root:Patron #p1000: Trying to checkout b1006
INFO:root:Patron #p1000: Released b1006
INFO:root:Patron #p1000 Acquiring Lock of Event e1001
INFO:root:Patron #p1000 Registering in Event e1001 Requesting Book ID#b1000
INFO:root:Patron #p1000: Trying to acquire lock of book b1000
INFO:root:Patron #p1000: Successful to acquire lock of book and added to checkoutb1000
INFO:root:Patron #p1000: Trying to checkout 
INFO:root:Patron #p1000: Trying to checkout b1000
INFO:root:Patron #p1000: Released b1000
INFO:root:Patron #p1000 Registering in Event e1001 Completed Borrowing Book ID#b1000
INFO:root:Patron #p1000 Completed Registering in Event e1001
INFO:root:Patron #p1000 Acquiring Lock of Event e1001
INFO:root:Patron #p1000 Registering in Event e1001 As brining their own Book
INFO:root:Patron #p1000 Completed Registering in Event e1001
INFO:root:Lab #l1000 Has been opened
INFO:root:Patron #:p1000 checked if infront of queue
INFO:root:Patron #:p1000 Front of queue got in
INFO:root:admin: Trying to log in
INFO:root:admin: Admin log in successful
INFO:root:Patron #p1000: Trying to acquire lock of book b1009
INFO:root:Patron #p1000: Successful to acquire lock of book and added to checkoutb1009
INFO:root:Patron #p1000: Removed from cart Book#b1009
INFO:root:Patron #p1000: Failed to Removed from cart Book#b1006
INFO:root:Patron #p1000: Failed to Removed from cart Book#b1000
INFO:root:Patron #p1000: Failed to Removed from cart Book#b1009
INFO:root:







2020-09-03 13:39:25.765144
WARNING:root:Client #None Waiting for message
INFO:root:Client #None Sent a command
INFO:root:test: Trying to log in
ERROR:root:test: FAILED LOGIN - INVALID ID provided
INFO:root:Client #None Completed request
WARNING:root:Client #None Waiting for message
WARNING:root:Client #None Waiting for message
INFO:root:Client #None Sent a command
INFO:root:test: Trying to log in
ERROR:root:test: FAILED LOGIN - INVALID ID provided
INFO:root:Client #None Completed request
WARNING:root:Client #None Waiting for message
INFO:root:Client #None Sent a command
INFO:root:Client #None Sent a command
INFO:root:: Trying to log in
INFO:root:: Trying to log in
ERROR:root:: FAILED LOGIN - INVALID ID provided
ERROR:root:: FAILED LOGIN - INVALID ID provided
INFO:root:Client #None Completed request
INFO:root:Client #None Completed request
WARNING:root:Client #None Waiting for message
WARNING:root:Client #None Waiting for message
WARNING:root:Client #None Waiting for message
INFO:root:Client #None Sent a command
INFO:root:admin: Trying to log in
INFO:root:admin: Admin log in successful
INFO:root:Client #None Completed request
WARNING:root:Client #None Waiting for message
INFO:root:Client #None Sent a command
INFO:root:Client #None Completed request
WARNING:root:Client #None Waiting for message
INFO:root:Client #None Sent a command
INFO:root:Client #None Completed request
WARNING:root:Client #None Waiting for message
INFO:root:Client #None Sent a command
INFO:root:Client #None Completed request
WARNING:root:Client #None Waiting for message
WARNING:root:Client #None Waiting for message
INFO:root:Client #None Sent a command
INFO:root:patron: Trying to log in
INFO:root:Patron #patron:log in successful
INFO:root:Client #p1000 Completed request
WARNING:root:Client #p1000 Waiting for message
INFO:root:Client #p1000 Sent a command
INFO:root:Client #p1000 Sent a borrow command
INFO:root:Client #p1000 Sent a borrowing for b1000
INFO:root:Patron #p1000: Trying to acquire lock of book b1000
INFO:root:Patron #p1000: Successful to acquire lock of book and added to checkoutb1000
INFO:root:Client #p1000 Completed request
WARNING:root:Client #p1000 Waiting for message
INFO:root:Client #p1000 Sent a command
INFO:root:Client #p1000 Completed request
WARNING:root:Client #p1000 Waiting for message
WARNING:root:Client #None Waiting for message
INFO:root:Client #None Sent a command
INFO:root:patron: Trying to log in
INFO:root:Patron #patron:log in successful
INFO:root:Client #p1000 Completed request
WARNING:root:Client #p1000 Waiting for message
INFO:root:Client #p1000 Sent a command
INFO:root:Client #p1000 Sent a borrow command
INFO:root:Client #p1000 Sent a borrowing for b1000
INFO:root:Patron #p1000: Trying to acquire lock of book b1000
INFO:root:Patron #p1000: Failed to acquire lock b1000
INFO:root:Client #p1000 Completed request
WARNING:root:Client #p1000 Waiting for message
INFO:root:Client #p1000 Sent a command
INFO:root:Patron #p1000: Trying to checkout 
INFO:root:Patron #p1000: Trying to checkout b1000
INFO:root:Patron #p1000: Released b1000
INFO:root:Client #p1000 Completed request
WARNING:root:Client #p1000 Waiting for message
INFO:root:Client #p1000 Sent a command
INFO:root:Client #p1000 Completed request
WARNING:root:Client #p1000 Waiting for message
WARNING:root:Client #None Waiting for message
INFO:root:Client #None Sent a command
INFO:root:staff: Trying to log in
INFO:root:Staff #staff: log in successful
INFO:root:Client #None Completed request
WARNING:root:Client #None Waiting for message
INFO:root:Client #None Sent a command
INFO:root:Insertion of book has begun
INFO:root:Duplication
INFO:root:Client #None Completed request
WARNING:root:Client #None Waiting for message
INFO:root:Client #None Sent a command
INFO:root:Client #None Completed request
WARNING:root:Client #None Waiting for message
INFO:root:Client #None Sent a command
INFO:root:Client #None Completed request
WARNING:root:Client #None Waiting for message
WARNING:root:Client #None Waiting for message
INFO:root:Client #None Sent a command
INFO:root:patron: Trying to log in
INFO:root:Patron #patron:log in successful
INFO:root:Client #p1000 Completed request
WARNING:root:Client #p1000 Waiting for message
INFO:root:Client #p1000 Sent a command
INFO:root:Client #p1000 Sent a borrow command
INFO:root:Client #p1000 Sent a borrowing for b1000
INFO:root:Patron #p1000: Book#b1000 Doesn't exists
INFO:root:Client #p1000 Completed request
WARNING:root:Client #p1000 Waiting for message
INFO:root:Client #p1000 Sent a command
INFO:root:Patron #p1000: Trying to checkout 
INFO:root:Client #p1000 Completed request
WARNING:root:Client #p1000 Waiting for message
INFO:root:Client #p1000 Sent a command
INFO:root:Client #p1000 Completed request
WARNING:root:Client #p1000 Waiting for message
INFO:root:Client #p1000 Sent a command
INFO:root:Client #p1000 Completed request
WARNING:root:Client #p1000 Waiting for message
WARNING:root:Client #None Waiting for message
INFO:root:Client #None Sent a command
INFO:root:Hi: Trying to log in
ERROR:root:Hi: FAILED LOGIN - INVALID ID provided
INFO:root:Client #None Completed request
WARNING:root:Client #None Waiting for message
INFO:root:Client #None Sent a command
INFO:root:: Trying to log in
ERROR:root:: FAILED LOGIN - INVALID ID provided
INFO:root:Client #None Completed request
WARNING:root:Client #None Waiting for message
WARNING:root:Client #None Waiting for message
INFO:root:Client #None Sent a command
INFO:root:patron: Trying to log in
INFO:root:Patron #patron:log in successful
INFO:root:Client #p1000 Completed request
WARNING:root:Client #p1000 Waiting for message
INFO:root:Client #p1000 Sent a command
INFO:root:Client #p1000 Has begun an event registration request
INFO:root:Client #p1000 Registration with book#b1000
INFO:root:Patron #p1000 Acquiring Lock of Event e1001
INFO:root:Patron #p1000 Registering in Event e1001 Requesting Book ID#b1000
INFO:root:Patron #p1000: Trying to acquire lock of book b1000
INFO:root:Patron #p1000: Successful to acquire lock of book and added to checkoutb1000
INFO:root:Patron #p1000: Trying to checkout 
INFO:root:Patron #p1000: Trying to checkout b1000
INFO:root:Patron #p1000: Released b1000
INFO:root:Patron #p1000 Registering in Event e1001 Completed Borrowing Book ID#b1000
INFO:root:Patron #p1000 Completed Registering in Event e1001
INFO:root:Client #p1000 Registered into Event#e1001 with Book#b1000
INFO:root:Client #p1000 Completed request
WARNING:root:Client #p1000 Waiting for message
INFO:root:Client #p1000 Sent a command
INFO:root:Client #p1000 Completed request
WARNING:root:Client #p1000 Waiting for message
WARNING:root:Client #None Waiting for message
INFO:root:Client #None Sent a command
INFO:root:patron: Trying to log in
INFO:root:Patron #patron:log in successful
INFO:root:Client #p1000 Completed request
WARNING:root:Client #p1000 Waiting for message
INFO:root:Client #p1000 Sent a command
INFO:root:Client #p1000 Has begun an event registration request
INFO:root:Patron #p1000 Acquiring Lock of Event e1001
INFO:root:Patron #p1000 Registering in Event e1001 As brining their own Book
INFO:root:Patron #p1000 Completed Registering in Event e1001
INFO:root:Client #p1000 Registered into Event#e1001
INFO:root:Client #p1000 Completed request
WARNING:root:Client #p1000 Waiting for message
INFO:root:Client #p1000 Sent a command
INFO:root:Client #p1000 Completed request
WARNING:root:Client #p1000 Waiting for message
WARNING:root:Client #None Waiting for message
INFO:root:Client #None Sent a command
INFO:root:staff: Trying to log in
INFO:root:Staff #staff: log in successful
INFO:root:Client #None Completed request
WARNING:root:Client #None Waiting for message
INFO:root:Client #None Sent a command
INFO:root:Client #None Completed request
WARNING:root:Client #None Waiting for message
WARNING:root:Client #None Waiting for message
INFO:root:Client #None Sent a command
INFO:root:patron: Trying to log in
INFO:root:Patron #patron:log in successful
INFO:root:Client #p1000 Completed request
WARNING:root:Client #p1000 Waiting for message
INFO:root:Client #p1000 Sent a command
INFO:root:Client #p1000 Joined queue to join Lab#l1000
INFO:root:Lab #l2000 Has been opened
INFO:root:Lab #l3000 Has been opened
INFO:root:Lab #l1000 Has been opened
INFO:root:Patron #:p1000 checked if infront of queue
INFO:root:Patron #:p1000 Front of queue got in
INFO:root:Client #p1000 Successfully joined Lab#l1000
INFO:root:Client #p1000 Completed request
WARNING:root:Client #p1000 Waiting for message
INFO:root:Client #None Sent a command
INFO:root:Client #None Completed request
WARNING:root:Client #None Waiting for message
INFO:root:Client #p1000 Sent a command
INFO:root:Client #p1000 Completed request
WARNING:root:Client #p1000 Waiting for message
WARNING:root:Client #None Waiting for message
INFO:root:Client #None Sent a command
INFO:root:test: Trying to log in
ERROR:root:test: FAILED LOGIN - INVALID ID provided
INFO:root:Client #None Completed request
WARNING:root:Client #None Waiting for message
INFO:root:Client #None Sent a command
INFO:root:: Trying to log in
ERROR:root:: FAILED LOGIN - INVALID ID provided
INFO:root:Client #None Completed request
WARNING:root:Client #None Waiting for message
WARNING:root:Client #None Waiting for message
INFO:root:Client #None Sent a command
INFO:root:staff: Trying to log in
INFO:root:Staff #staff: log in successful
INFO:root:Client #None Completed request
WARNING:root:Client #None Waiting for message
INFO:root:Client #None Sent a command
INFO:root:Client #None Completed request
WARNING:root:Client #None Waiting for message
INFO:root:Client #None Sent a command
INFO:root:Client #None Completed request
WARNING:root:Client #None Waiting for message
WARNING:root:Client #None Waiting for message
INFO:root:Client #None Sent a command
INFO:root:staff: Trying to log in
INFO:root:Staff #staff: log in successful
INFO:root:Client #None Completed request
WARNING:root:Client #None Waiting for message
INFO:root:Client #None Sent a command
INFO:root:Creation of Patron is begun
INFO:root:duplication
INFO:root:Client #None Completed request
WARNING:root:Client #None Waiting for message
INFO:root:Client #None Sent a command
INFO:root:Client #None Completed request
WARNING:root:Client #None Waiting for message
INFO:root:Client #None Sent a command
INFO:root:Client #None Completed request
WARNING:root:Client #None Waiting for message
WARNING:root:Client #None Waiting for message
INFO:root:Client #None Sent a command
INFO:root:staff: Trying to log in
INFO:root:Staff #staff: log in successful
INFO:root:Client #None Completed request
WARNING:root:Client #None Waiting for message
INFO:root:Client #None Sent a command
INFO:root:Client #None Completed request
WARNING:root:Client #None Waiting for message
INFO:root:Client #None Sent a command
INFO:root:Client #None Completed request
WARNING:root:Client #None Waiting for message
INFO:root:Patron #p1000: Failed to Removed from cart Book#b1000
INFO:root:Patron #p1000: Failed to Removed from cart Book#b1000
INFO:root:Lab #l1010 Has been opened
