WARNING:root:Client #None Waiting for message
INFO:root:Client #NoneSent a command
INFO:root:patreon: Trying to log in
INFO:root:Patreon #patreon:log in successful
INFO:root:Client #p1000Completed request
WARNING:root:Client #p1000 Waiting for message
INFO:root:Client #p1000Sent a command
INFO:root:Client #p1000Completed request
WARNING:root:Client #p1000 Waiting for message
INFO:root:Client #p1000Sent a command
INFO:root:Client #p1000Completed request
WARNING:root:Client #p1000 Waiting for message
WARNING:root:Client #None Waiting for message
INFO:root:Client #NoneSent a command
INFO:root:patreon: Trying to log in
INFO:root:Patreon #patreon:log in successful
INFO:root:Client #p1000Completed request
WARNING:root:Client #p1000 Waiting for message
INFO:root:Client #p1000Sent a command
INFO:root:Client #p1000Completed request
WARNING:root:Client #p1000 Waiting for message
INFO:root:Client #p1000Sent a command
INFO:root:Patreon #p1000Acquired Lock of Event e1001
INFO:root:Patreon #p1000Registering in Event e1001 As brining their own Book
INFO:root:Patreon #p1000Completed Registering in Event e1001
INFO:root:Client #p1000Completed request
WARNING:root:Client #p1000 Waiting for message
INFO:root:Client #p1000Sent a command
WARNING:root:Client #None Waiting for message
INFO:root:Client #NoneSent a command
INFO:root:patreon: Trying to log in
INFO:root:Patreon #patreon:log in successful
INFO:root:Client #p1000Completed request
WARNING:root:Client #p1000 Waiting for message
INFO:root:Client #p1000Sent a command
INFO:root:Client #p1000Completed request
WARNING:root:Client #p1000 Waiting for message
INFO:root:Client #p1000Sent a command
INFO:root:Patreon #p1000Acquired Lock of Event e1001
INFO:root:Patreon #p1000Registering in Event e1001 Requesting Book ID#b1000
INFO:root:Patreon #p1000: Trying to borrow b1000
INFO:root:Patreon #p1000: Successful to borrow b1000
INFO:root:Patreon #p1000: Trying to checkout 
INFO:root:Patreon #p1000: Trying to checkout b1000
INFO:root:Patreon #p1000: Released b1000
INFO:root:Patreon #p1000Registering in Event e1001 Completed Borrowing Book ID#b1000
INFO:root:Patreon #p1000Completed Registering in Event e1001
INFO:root:Client #p1000Completed request
WARNING:root:Client #p1000 Waiting for message
INFO:root:Lab #l3000 Has been opened
INFO:root:Lab #l2000 Has been opened
WARNING:root:Client #None Waiting for message
INFO:root:Client #None Sent a command
INFO:root:patreon: Trying to log in
INFO:root:Patreon #patreon:log in successful
INFO:root:Client #p1000 Completed request
WARNING:root:Client #p1000 Waiting for message
INFO:root:Client #p1000 Sent a command
INFO:root:Client #p1000 Completed request
WARNING:root:Client #p1000 Waiting for message
INFO:root:Client #p1000 Sent a command
INFO:root:Client #p1000 Completed request
WARNING:root:Client #p1000 Waiting for message
INFO:root:Lab #l2000 Has been opened
INFO:root:Lab #l3000 Has been opened
WARNING:root:Client #None Waiting for message
INFO:root:Client #None Sent a command
INFO:root:patreon: Trying to log in
INFO:root:Patreon #patreon:log in successful
INFO:root:Client #p1000 Completed request
WARNING:root:Client #p1000 Waiting for message
INFO:root:Client #p1000 Sent a command
INFO:root:Lab #l3000 Has been opened
INFO:root:Lab #l2000 Has been opened
WARNING:root:Client #None Waiting for message
INFO:root:Client #None Sent a command
INFO:root:patreon: Trying to log in
INFO:root:Patreon #patreon:log in successful
INFO:root:Client #p1000 Completed request
WARNING:root:Client #p1000 Waiting for message
INFO:root:Client #p1000 Sent a command
INFO:root:Client #p1000 Completed request
WARNING:root:Client #p1000 Waiting for message
INFO:root:Lab #l2000 Has been opened
INFO:root:Lab #l3000 Has been opened
WARNING:root:Client #None Waiting for message
INFO:root:Client #None Sent a command
INFO:root:patreon: Trying to log in
INFO:root:Patreon #patreon:log in successful
INFO:root:Client #p1000 Completed request
WARNING:root:Client #p1000 Waiting for message
INFO:root:Client #p1000 Sent a command
INFO:root:Client #p1000 Completed request
WARNING:root:Client #p1000 Waiting for message
INFO:root:Client #p1000 Sent a command
